<?xml version="1.0" encoding="UTF-8"?>
<!-- Generated by org.testng.reporters.JUnitXMLReporter -->
<testsuite ignored="1" hostname="Anshana" failures="0" tests="1" name="Default test" time="55.597" errors="0" timestamp="2024-01-26T21:42:11 IST">
  <testcase classname="executePageClasses.HomePageTestClass" name="verifyUserLoginDate" time="10.271"/>
  <testcase classname="executePageClasses.HomePageTestClass" name="verifyUserManagementOptions" time="0.0">
    <ignored/>
  </testcase> <!-- verifyUserManagementOptions -->
</testsuite> <!-- Default test -->
