<?xml version="1.0" encoding="UTF-8"?>
<testng-results ignored="0" total="4" passed="4" failed="0" skipped="0">
  <reporter-output>
  </reporter-output>
  <suite started-at="2024-01-28T21:24:12 IST" name="Suite" finished-at="2024-01-28T21:24:59 IST" duration-ms="46515">
    <groups>
      <group name="Group1">
        <method signature="LoginPageTestClass.verifySuccessfulLogin(java.lang.String,java.lang.String)[pri:0, instance:executePageClasses.LoginPageTestClass@32115b28]" name="verifySuccessfulLogin" class="executePageClasses.LoginPageTestClass"/>
        <method signature="LoginPageTestClass.verifyUnSuccessfulLogin(java.lang.String,java.lang.String)[pri:0, instance:executePageClasses.LoginPageTestClass@32115b28]" name="verifyUnSuccessfulLogin" class="executePageClasses.LoginPageTestClass"/>
      </group> <!-- Group1 -->
    </groups>
    <test started-at="2024-01-28T21:24:12 IST" name="Test" finished-at="2024-01-28T21:24:59 IST" duration-ms="46515">
      <class name="executePageClasses.LoginPageTestClass">
        <test-method is-config="true" signature="createExtendReport(org.testng.ITestContext)[pri:0, instance:executePageClasses.LoginPageTestClass@32115b28]" started-at="2024-01-28T21:24:12 IST" name="createExtendReport" finished-at="2024-01-28T21:24:12 IST" duration-ms="26" status="PASS">
          <params>
            <param index="0">
              <value>
                <![CDATA[org.testng.TestRunner@5dbbb292]]>
              </value>
            </param>
          </params>
          <reporter-output>
          </reporter-output>
        </test-method> <!-- createExtendReport -->
        <test-method is-config="true" signature="beforeMethod(java.lang.String)[pri:0, instance:executePageClasses.LoginPageTestClass@32115b28]" started-at="2024-01-28T21:24:13 IST" name="beforeMethod" finished-at="2024-01-28T21:24:23 IST" duration-ms="10859" status="PASS">
          <params>
            <param index="0">
              <value>
                <![CDATA[edge]]>
              </value>
            </param>
          </params>
          <reporter-output>
          </reporter-output>
        </test-method> <!-- beforeMethod -->
        <test-method signature="verifySuccessfulLogin(java.lang.String,java.lang.String)[pri:0, instance:executePageClasses.LoginPageTestClass@32115b28]" started-at="2024-01-28T21:24:23 IST" name="verifySuccessfulLogin" data-provider="SuccessfulLogin" finished-at="2024-01-28T21:24:26 IST" duration-ms="2426" status="PASS">
          <params>
            <param index="0">
              <value>
                <![CDATA[admin]]>
              </value>
            </param>
            <param index="1">
              <value>
                <![CDATA[123456]]>
              </value>
            </param>
          </params>
          <reporter-output>
          </reporter-output>
        </test-method> <!-- verifySuccessfulLogin -->
        <test-method is-config="true" signature="afterMethod(org.testng.ITestResult)[pri:0, instance:executePageClasses.LoginPageTestClass@32115b28]" started-at="2024-01-28T21:24:26 IST" name="afterMethod" finished-at="2024-01-28T21:24:26 IST" duration-ms="260" status="PASS">
          <params>
            <param index="0">
              <value>
                <![CDATA[[TestResult name=verifySuccessfulLogin status=SUCCESS method=LoginPageTestClass.verifySuccessfulLogin(java.lang.String,java.lang.String)[pri:0, instance:executePageClasses.LoginPageTestClass@32115b28] output={null}]]]>
              </value>
            </param>
          </params>
          <reporter-output>
          </reporter-output>
        </test-method> <!-- afterMethod -->
        <test-method is-config="true" signature="beforeMethod(java.lang.String)[pri:0, instance:executePageClasses.LoginPageTestClass@32115b28]" started-at="2024-01-28T21:24:26 IST" name="beforeMethod" finished-at="2024-01-28T21:24:35 IST" duration-ms="8195" status="PASS">
          <params>
            <param index="0">
              <value>
                <![CDATA[edge]]>
              </value>
            </param>
          </params>
          <reporter-output>
          </reporter-output>
        </test-method> <!-- beforeMethod -->
        <test-method signature="verifyUnSuccessfulLogin(java.lang.String,java.lang.String)[pri:0, instance:executePageClasses.LoginPageTestClass@32115b28]" started-at="2024-01-28T21:24:35 IST" name="verifyUnSuccessfulLogin" data-provider="UnSuccessfulLogin" finished-at="2024-01-28T21:24:35 IST" duration-ms="781" status="PASS">
          <params>
            <param index="0">
              <value>
                <![CDATA[abcde]]>
              </value>
            </param>
            <param index="1">
              <value>
                <![CDATA[123456]]>
              </value>
            </param>
          </params>
          <reporter-output>
          </reporter-output>
        </test-method> <!-- verifyUnSuccessfulLogin -->
        <test-method is-config="true" signature="afterMethod(org.testng.ITestResult)[pri:0, instance:executePageClasses.LoginPageTestClass@32115b28]" started-at="2024-01-28T21:24:35 IST" name="afterMethod" finished-at="2024-01-28T21:24:36 IST" duration-ms="226" status="PASS">
          <params>
            <param index="0">
              <value>
                <![CDATA[[TestResult name=verifyUnSuccessfulLogin status=SUCCESS method=LoginPageTestClass.verifyUnSuccessfulLogin(java.lang.String,java.lang.String)[pri:0, instance:executePageClasses.LoginPageTestClass@32115b28] output={null}]]]>
              </value>
            </param>
          </params>
          <reporter-output>
          </reporter-output>
        </test-method> <!-- afterMethod -->
        <test-method is-config="true" signature="beforeMethod(java.lang.String)[pri:0, instance:executePageClasses.LoginPageTestClass@32115b28]" started-at="2024-01-28T21:24:36 IST" name="beforeMethod" finished-at="2024-01-28T21:24:45 IST" duration-ms="9593" status="PASS">
          <params>
            <param index="0">
              <value>
                <![CDATA[edge]]>
              </value>
            </param>
          </params>
          <reporter-output>
          </reporter-output>
        </test-method> <!-- beforeMethod -->
        <test-method signature="verifyUnSuccessfulLogin(java.lang.String,java.lang.String)[pri:0, instance:executePageClasses.LoginPageTestClass@32115b28]" started-at="2024-01-28T21:24:45 IST" name="verifyUnSuccessfulLogin" data-provider="UnSuccessfulLogin" finished-at="2024-01-28T21:24:46 IST" duration-ms="805" status="PASS">
          <params>
            <param index="0">
              <value>
                <![CDATA[admin]]>
              </value>
            </param>
            <param index="1">
              <value>
                <![CDATA[9067]]>
              </value>
            </param>
          </params>
          <reporter-output>
          </reporter-output>
        </test-method> <!-- verifyUnSuccessfulLogin -->
        <test-method is-config="true" signature="afterMethod(org.testng.ITestResult)[pri:0, instance:executePageClasses.LoginPageTestClass@32115b28]" started-at="2024-01-28T21:24:46 IST" name="afterMethod" finished-at="2024-01-28T21:24:46 IST" duration-ms="264" status="PASS">
          <params>
            <param index="0">
              <value>
                <![CDATA[[TestResult name=verifyUnSuccessfulLogin status=SUCCESS method=LoginPageTestClass.verifyUnSuccessfulLogin(java.lang.String,java.lang.String)[pri:0, instance:executePageClasses.LoginPageTestClass@32115b28] output={null}]]]>
              </value>
            </param>
          </params>
          <reporter-output>
          </reporter-output>
        </test-method> <!-- afterMethod -->
        <test-method is-config="true" signature="beforeMethod(java.lang.String)[pri:0, instance:executePageClasses.LoginPageTestClass@32115b28]" started-at="2024-01-28T21:24:46 IST" name="beforeMethod" finished-at="2024-01-28T21:24:58 IST" duration-ms="11322" status="PASS">
          <params>
            <param index="0">
              <value>
                <![CDATA[edge]]>
              </value>
            </param>
          </params>
          <reporter-output>
          </reporter-output>
        </test-method> <!-- beforeMethod -->
        <test-method signature="verifyUnSuccessfulLogin(java.lang.String,java.lang.String)[pri:0, instance:executePageClasses.LoginPageTestClass@32115b28]" started-at="2024-01-28T21:24:58 IST" name="verifyUnSuccessfulLogin" data-provider="UnSuccessfulLogin" finished-at="2024-01-28T21:24:58 IST" duration-ms="781" status="PASS">
          <params>
            <param index="0">
              <value>
                <![CDATA[abcde]]>
              </value>
            </param>
            <param index="1">
              <value>
                <![CDATA[8769]]>
              </value>
            </param>
          </params>
          <reporter-output>
          </reporter-output>
        </test-method> <!-- verifyUnSuccessfulLogin -->
        <test-method is-config="true" signature="afterMethod(org.testng.ITestResult)[pri:0, instance:executePageClasses.LoginPageTestClass@32115b28]" started-at="2024-01-28T21:24:58 IST" name="afterMethod" finished-at="2024-01-28T21:24:59 IST" duration-ms="242" status="PASS">
          <params>
            <param index="0">
              <value>
                <![CDATA[[TestResult name=verifyUnSuccessfulLogin status=SUCCESS method=LoginPageTestClass.verifyUnSuccessfulLogin(java.lang.String,java.lang.String)[pri:0, instance:executePageClasses.LoginPageTestClass@32115b28] output={null}]]]>
              </value>
            </param>
          </params>
          <reporter-output>
          </reporter-output>
        </test-method> <!-- afterMethod -->
      </class> <!-- executePageClasses.LoginPageTestClass -->
    </test> <!-- Test -->
  </suite> <!-- Suite -->
</testng-results>
