<?xml version="1.0" encoding="UTF-8"?>
<!-- Generated by org.testng.reporters.JUnitXMLReporter -->
<testsuite ignored="0" hostname="Anshana" failures="1" tests="2" name="EdgeTest2" time="32.385" errors="0" timestamp="2024-01-28T21:06:25 IST">
  <testcase classname="executePageClasses.AddUserTestClass" name="verifyUserAddedCanSuccessfullyLogin" time="8.849"/>
  <testcase classname="executePageClasses.AddUserTestClass" name="verifyUserAddedSuccessfully" time="8.266">
    <failure type="java.lang.AssertionError" message="expected [true] but found [false]">
      <![CDATA[java.lang.AssertionError: expected [true] but found [false]
at executePageClasses.AddUserTestClass.verifyUserAddedSuccessfully(AddUserTestClass.java:47)
at java.base/java.util.ArrayList.forEach(ArrayList.java:1511)
... Removed 31 stack frames]]>
    </failure>
  </testcase> <!-- verifyUserAddedSuccessfully -->
</testsuite> <!-- EdgeTest2 -->
