<?xml version="1.0" encoding="UTF-8"?>
<!-- Generated by org.testng.reporters.JUnitXMLReporter -->
<testsuite ignored="0" hostname="Anshana" failures="0" tests="4" name="Test" time="46.515" errors="0" timestamp="2024-01-28T21:24:59 IST">
  <testcase classname="executePageClasses.LoginPageTestClass" name="verifySuccessfulLogin" time="2.426"/>
  <testcase classname="executePageClasses.LoginPageTestClass" name="verifyUnSuccessfulLogin" time="0.781"/>
  <testcase classname="executePageClasses.LoginPageTestClass" name="verifyUnSuccessfulLogin" time="0.805"/>
  <testcase classname="executePageClasses.LoginPageTestClass" name="verifyUnSuccessfulLogin" time="0.781"/>
</testsuite> <!-- Test -->
